#
# There is insufficient memory for the Java Runtime Environment to continue.
# Native memory allocation (malloc) failed to allocate 1048576 bytes for AllocateHeap
# Possible reasons:
#   The system is out of physical RAM or swap space
#   The process is running with CompressedOops enabled, and the Java Heap may be blocking the growth of the native heap
# Possible solutions:
#   Reduce memory load on the system
#   Increase physical memory or swap space
#   Check if swap backing store is full
#   Decrease Java heap size (-Xmx/-Xms)
#   Decrease number of Java threads
#   Decrease Java thread stack sizes (-Xss)
#   Set larger code cache with -XX:ReservedCodeCacheSize=
#   JVM is running with Unscaled Compressed Oops mode in which the Java heap is
#     placed in the first 4GB address space. The Java Heap base address is the
#     maximum limit for the native heap growth. Please use -XX:HeapBaseMinAddress
#     to set the Java Heap base and to place the Java Heap above 4GB virtual address.
# This output file may be truncated or incomplete.
#
#  Out of Memory Error (./src/hotspot/share/memory/allocation.cpp:46), pid=22672, tid=24452
#
# JRE version:  (11.0.15+10) (build )
# Java VM: OpenJDK 64-Bit Server VM (11.0.15+10-LTS, mixed mode, sharing, tiered, compressed oops, g1 gc, windows-amd64)
# No core dump will be written. Minidumps are not enabled by default on client versions of Windows
#

---------------  S U M M A R Y ------------

Command Line: 

Host: 11th Gen Intel(R) Core(TM) i5-11400H @ 2.70GHz, 12 cores, 15G,  Windows 10 , 64 bit Build 19041 (10.0.19041.1889)
Time: Mon Jan 16 13:23:56 2023  Windows 10 , 64 bit Build 19041 (10.0.19041.1889) elapsed time: 0.007029 seconds (0d 0h 0m 0s)

---------------  T H R E A D  ---------------

Current thread (0x000001fdbefc7000):  JavaThread "Unknown thread" [_thread_in_vm, id=24452, stack(0x00000023f9200000,0x00000023f9300000)]

Stack: [0x00000023f9200000,0x00000023f9300000]
Native frames: (J=compiled Java code, j=interpreted, Vv=VM code, C=native code)
V  [jvm.dll+0x625aca]
V  [jvm.dll+0x7b2589]
V  [jvm.dll+0x7b3c78]
V  [jvm.dll+0x7b4353]
V  [jvm.dll+0x24fb98]
V  [jvm.dll+0xb95f4]
V  [jvm.dll+0x2e0688]
V  [jvm.dll+0x78c3c7]
V  [jvm.dll+0x78db5f]
V  [jvm.dll+0x35f5d9]
V  [jvm.dll+0x76f370]
V  [jvm.dll+0x3cd0cf]
V  [jvm.dll+0x3cf461]
C  [jli.dll+0x5207]
C  [ucrtbase.dll+0x21bb2]
C  [KERNEL32.DLL+0x17034]
C  [ntdll.dll+0x526a1]


---------------  P R O C E S S  ---------------

Threads class SMR info:
_java_thread_list=0x000001fdbd49f4c0, length=0, elements={
}

Java Threads: ( => current thread )

Other Threads:

=>0x000001fdbefc7000 (exited) JavaThread "Unknown thread" [_thread_in_vm, id=24452, stack(0x00000023f9200000,0x00000023f9300000)]

Threads with active compile tasks:

VM state:not at safepoint (not fully initialized)

VM Mutex/Monitor currently owned by a thread: None


[error occurred during error reporting (printing compressed oops mode), id 0xc0000005, EXCEPTION_ACCESS_VIOLATION (0xc0000005) at pc=0x00007ffcd776d1a7]

GC Heap History (0 events):
No events

Deoptimization events (0 events):
No events

Classes redefined (0 events):
No events

Internal exceptions (0 events):
No events

Events (1 events):
Event: 0.004 Loaded shared library C:\Program Files\Microsoft\jdk-11.0.15.10-hotspot\bin\zip.dll


Dynamic libraries:
0x00007ff621fc0000 - 0x00007ff621fcd000 	C:\Program Files\Microsoft\jdk-11.0.15.10-hotspot\bin\java.exe
0x00007ffdb4830000 - 0x00007ffdb4a28000 	C:\WINDOWS\SYSTEM32\ntdll.dll
0x00007ffdb3ed0000 - 0x00007ffdb3f8d000 	C:\WINDOWS\System32\KERNEL32.DLL
0x00007ffdb1f80000 - 0x00007ffdb224e000 	C:\WINDOWS\System32\KERNELBASE.dll
0x00007ffdb2250000 - 0x00007ffdb2350000 	C:\WINDOWS\System32\ucrtbase.dll
0x00007ffd7dad0000 - 0x00007ffd7dae7000 	C:\Program Files\Microsoft\jdk-11.0.15.10-hotspot\bin\jli.dll
0x00007ffd7e160000 - 0x00007ffd7e175000 	C:\Program Files\Microsoft\jdk-11.0.15.10-hotspot\bin\VCRUNTIME140.dll
0x00007ffdb32f0000 - 0x00007ffdb3490000 	C:\WINDOWS\System32\USER32.dll
0x00007ffd9c840000 - 0x00007ffd9cada000 	C:\WINDOWS\WinSxS\amd64_microsoft.windows.common-controls_6595b64144ccf1df_6.0.19041.1110_none_60b5254171f9507e\COMCTL32.dll
0x00007ffdb1f50000 - 0x00007ffdb1f72000 	C:\WINDOWS\System32\win32u.dll
0x00007ffdb3250000 - 0x00007ffdb32ee000 	C:\WINDOWS\System32\msvcrt.dll
0x00007ffdb3f90000 - 0x00007ffdb3fba000 	C:\WINDOWS\System32\GDI32.dll
0x00007ffdb2350000 - 0x00007ffdb245b000 	C:\WINDOWS\System32\gdi32full.dll
0x00007ffdb2610000 - 0x00007ffdb26ad000 	C:\WINDOWS\System32\msvcp_win.dll
0x00007ffdb4690000 - 0x00007ffdb46c0000 	C:\WINDOWS\System32\IMM32.DLL
0x00007ffd09bb0000 - 0x00007ffd09c4b000 	C:\Program Files\Microsoft\jdk-11.0.15.10-hotspot\bin\msvcp140.dll
0x00007ffcd6fe0000 - 0x00007ffcd7b69000 	C:\Program Files\Microsoft\jdk-11.0.15.10-hotspot\bin\server\jvm.dll
0x00007ffdb4720000 - 0x00007ffdb47ce000 	C:\WINDOWS\System32\ADVAPI32.dll
0x00007ffdb4440000 - 0x00007ffdb44dc000 	C:\WINDOWS\System32\sechost.dll
0x00007ffdb37b0000 - 0x00007ffdb38d5000 	C:\WINDOWS\System32\RPCRT4.dll
0x00007ffdb3a20000 - 0x00007ffdb3a28000 	C:\WINDOWS\System32\PSAPI.DLL
0x00007ffdab820000 - 0x00007ffdab82a000 	C:\WINDOWS\SYSTEM32\VERSION.dll
0x00007ffd9cbc0000 - 0x00007ffd9cbe7000 	C:\WINDOWS\SYSTEM32\WINMM.dll
0x00007ffda27c0000 - 0x00007ffda27c9000 	C:\WINDOWS\SYSTEM32\WSOCK32.dll
0x00007ffdb30c0000 - 0x00007ffdb312b000 	C:\WINDOWS\System32\WS2_32.dll
0x00007ffdafe40000 - 0x00007ffdafe52000 	C:\WINDOWS\SYSTEM32\kernel.appcore.dll
0x00007ffd7ed20000 - 0x00007ffd7ed30000 	C:\Program Files\Microsoft\jdk-11.0.15.10-hotspot\bin\verify.dll
0x00007ffd99280000 - 0x00007ffd99464000 	C:\WINDOWS\SYSTEM32\DBGHELP.DLL
0x00007ffd98fc0000 - 0x00007ffd98fec000 	C:\WINDOWS\SYSTEM32\dbgcore.DLL
0x00007ffdb26b0000 - 0x00007ffdb2732000 	C:\WINDOWS\System32\bcryptPrimitives.dll
0x00007ffd7daa0000 - 0x00007ffd7dac8000 	C:\Program Files\Microsoft\jdk-11.0.15.10-hotspot\bin\java.dll
0x00007ffd7e440000 - 0x00007ffd7e44a000 	C:\Program Files\Microsoft\jdk-11.0.15.10-hotspot\bin\jimage.dll
0x00007ffd7ba90000 - 0x00007ffd7baa8000 	C:\Program Files\Microsoft\jdk-11.0.15.10-hotspot\bin\zip.dll

dbghelp: loaded successfully - version: 4.0.5 - missing functions: none
symbol engine: initialized successfully - sym options: 0x614 - pdb path: .;C:\Program Files\Microsoft\jdk-11.0.15.10-hotspot\bin;C:\WINDOWS\SYSTEM32;C:\WINDOWS\WinSxS\amd64_microsoft.windows.common-controls_6595b64144ccf1df_6.0.19041.1110_none_60b5254171f9507e;C:\Program Files\Microsoft\jdk-11.0.15.10-hotspot\bin\server

VM Arguments:
java_command: <unknown>
java_class_path (initial): <not set>
Launcher Type: SUN_STANDARD

[Global flags]
     intx CICompilerCount                          = 4                                         {product} {ergonomic}
     uint G1ConcRefinementThreads                  = 10                                        {product} {ergonomic}
   size_t G1HeapRegionSize                         = 1048576                                   {product} {ergonomic}
    uintx GCDrainStackTargetSize                   = 64                                        {product} {ergonomic}
   size_t InitialHeapSize                          = 266338304                                 {product} {ergonomic}
   size_t MaxHeapSize                              = 4238344192                                {product} {ergonomic}
   size_t MinHeapDeltaBytes                        = 1048576                                   {product} {ergonomic}
    uintx NonNMethodCodeHeapSize                   = 5836300                                {pd product} {ergonomic}
    uintx NonProfiledCodeHeapSize                  = 122910970                              {pd product} {ergonomic}
    uintx ProfiledCodeHeapSize                     = 122910970                              {pd product} {ergonomic}
    uintx ReservedCodeCacheSize                    = 251658240                              {pd product} {ergonomic}
     bool SegmentedCodeCache                       = true                                      {product} {ergonomic}
     bool UseCompressedClassPointers               = true                                 {lp64_product} {ergonomic}
     bool UseCompressedOops                        = true                                 {lp64_product} {ergonomic}
     bool UseG1GC                                  = true                                      {product} {ergonomic}
     bool UseLargePagesIndividualAllocation        = false                                  {pd product} {ergonomic}

Logging:
Log output configuration:
 #0: stdout all=warning uptime,level,tags
 #1: stderr all=off uptime,level,tags

Environment Variables:
PATH=C:\Program Files\Microsoft\jdk-11.0.15.10-hotspot\bin;C:\Program Files\Microsoft\jdk-11.0.12.7-hotspot\bin;C:\WINDOWS\system32;C:\WINDOWS;C:\WINDOWS\System32\Wbem;C:\WINDOWS\System32\WindowsPowerShell\v1.0\;C:\WINDOWS\System32\OpenSSH\;C:\Program Files (x86)\NVIDIA Corporation\PhysX\Common;C:\Program Files\NVIDIA Corporation\NVIDIA NvDLISR;C:\Program Files\Git\cmd;C:\Program Files\dotnet\;C:\Program Files\Microsoft SQL Server\150\Tools\Binn\;C:\Program Files\Microsoft SQL Server\Client SDK\ODBC\170\Tools\Binn\;D:\Applications\TortoriseSVN\bin;C:\Users\hf_A\AppData\Local\Microsoft\WindowsApps;C:\Users\hf_A\.dotnet\tools;C:\Users\hf_A\AppData\Local\JetBrains\Toolbox\scripts;;D:\Applications\Microsoft VS Code\bin
USERNAME=hf_A
OS=Windows_NT
PROCESSOR_IDENTIFIER=Intel64 Family 6 Model 141 Stepping 1, GenuineIntel



---------------  S Y S T E M  ---------------

OS: Windows 10 , 64 bit Build 19041 (10.0.19041.1889)
OS uptime: 0 days 4:30 hours

CPU:total 12 (initial active 12) (6 cores per cpu, 2 threads per core) family 6 model 141 stepping 1 microcode 0x28, cmov, cx8, fxsr, mmx, sse, sse2, sse3, ssse3, sse4.1, sse4.2, popcnt, avx, avx2, aes, clmul, erms, 3dnowpref, lzcnt, ht, tsc, tscinvbit, bmi1, bmi2, adx, evex, sha, fma

Memory: 4k page, system-wide physical 16163M (4022M free)
TotalPageFile size 16163M (AvailPageFile size 5M)
current process WorkingSet (physical memory assigned to process): 9M, peak: 9M
current process commit charge ("private bytes"): 14M, peak: 14M

vm_info: OpenJDK 64-Bit Server VM (11.0.15+10-LTS) for windows-amd64 JRE (11.0.15+10-LTS), built on Apr 20 2022 04:12:07 by "" with unknown MS VC++:1916

END.
